2006.05.12 10:38 B Y:\upload\constraints.txt --> ftp.sondrel.com / constraints.txt
2006.05.12 10:38 B Y:\upload\GP3000 Pad List.xls --> ftp.sondrel.com / GP3000 Pad List.xls
2006.05.12 10:38 B Y:\upload\GP3000 Floorplan.pdf --> ftp.sondrel.com / GP3000 Floorplan.pdf
2006.05.16 10:36 B Y:\upload\src.zip --> ftp.sondrel.com / src.zip
2006.05.16 10:37 B Y:\upload\constants.txt --> ftp.sondrel.com / constants.txt
2006.05.16 10:37 B Y:\upload\constraints.txt --> ftp.sondrel.com / constraints.txt
2006.06.03 02:27 B Y:\upload\constraints.txt --> ftp.sondrel.com / constraints.txt
2006.06.03 02:27 B Y:\upload\src.zip --> ftp.sondrel.com / src.zip
2006.06.07 12:21 B Y:\upload\constraints.txt --> ftp.sondrel.com / constraints.txt
2006.06.07 12:21 B Y:\upload\src.zip --> ftp.sondrel.com / src.zip
2006.06.07 13:28 B Y:\upload\constraints.txt --> ftp.sondrel.com / constraints.txt
2006.06.07 13:29 B Y:\upload\constraints.txt --> ftp.sondrel.com / constraints.txt
2006.06.07 13:29 B Y:\upload\constraints.txt --> ftp.sondrel.com / constraints.txt
2006.06.07 16:16 B Y:\upload\mprom.zip --> ftp.sondrel.com / mprom.zip
2006.06.08 09:51 B Y:\upload\mprom.zip --> ftp.sondrel.com / mprom.zip
2006.06.09 04:36 B Y:\upload\mprom.zip --> ftp.sondrel.com / mprom.zip
2006.06.19 18:07 B Y:\upload\GP3000 Pad List.xls --> ftp.sondrel.com / GP3000 Pad List.xls
2006.06.19 19:37 B Y:\upload\src.zip --> ftp.sondrel.com / src.zip
2006.06.22 16:37 B Y:\upload\mprom.zip --> ftp.sondrel.com / mprom.zip
2006.07.03 18:22 B Y:\upload\mprom.zip --> ftp.sondrel.com / mprom.zip
