
                                      VMC 
                               Embed-It! (R)  VMC

                 Version U-2022.12 for linux64 - Nov 25, 2022 

                    Copyright (c) 1988 - 2022 Synopsys, Inc.
   This software and the associated documentation are proprietary to Synopsys,
 Inc. This software may only be used in accordance with the terms and conditions
 of a written license agreement with Synopsys, Inc. All other use, reproduction,
   or distribution of this software is strictly prohibited.  Licensed Products
     communicate with Synopsys servers for the purpose of providing software
    updates, detecting software piracy and verifying that customers are using
    Licensed Products in conformity with the applicable License Key for such
  Licensed Products. Synopsys will use information gathered in connection with
    this process to deliver software updates and pursue software pirates and
                                   infringers.

 Inclusivity & Diversity - Visit SolvNetPlus to read the "Synopsys Statement on
            Inclusivity and Diversity" (Refer to article 000036315 at
                        https://solvnetplus.synopsys.com)
INFO  [VMC, VMC-264]: Load of compiler database ...
INFO  [VMC, CFG-216]: Reading file '/usr/local/synopsys/embedit/U-2022.12/data/cadet.prm' ...
INFO  [VMC, CFG-216]: Reading file '/usr/local/synopsys/embedit/U-2022.12/data/memory.prm' ...
INFO  [VMC, CFG-216]: Reading file '/usr/local/designkits/GF/22nm/synopsys/gf22nsd41p11s1dcl02msa05/gf22nsd41p11s1dcl02msa.prm' ...
INFO  [VMC, CFG-018]: Reading file '/usr/local/designkits/GF/22nm/synopsys/gf22nsd41p11s1dcl02msa05/gf22nsd41p11s1dcl02msa05.glb' ...
INFO  [VMC, CFG-018]: Reading file '/usr/local/designkits/GF/22nm/synopsys/gf22nsd41p11s1dcl02msa05/gf22nsd41p11s1dcl02msa05_custom.glb' ...
INFO  [VMC, CFG-018]: Reading file '/home/jeme/project/Imsys_copy/memory/Imsys_2/compout/views/SNPS_SP_HD_2Kx80/SNPS_SP_HD_2Kx80.cfg' ...
INFO  [VMC, CFG-230]: Load of cfg settings complete
INFO  [VMC, VMC-131]: Load of compiler database took 0.28 secs.
INFO  [VMC, VMC-233]: Input parameters validation ...
INFO  [VMC, VMC-131]: Input parameters validation took 0.49 secs.
INFO  [VMC, VMC-234]: Delay calculation ...
INFO  [VMC, CHAR-020]: Loading project ...
INFO  [VMC, CFG-216]: Reading file '/usr/local/synopsys/embedit/U-2022.12/data/cadet.prm' ...
INFO  [VMC, CFG-216]: Reading file '/usr/local/synopsys/embedit/U-2022.12/data/memory.prm' ...
INFO  [VMC, CFG-216]: Reading file '/usr/local/designkits/GF/22nm/synopsys/gf22nsd41p11s1dcl02msa05/gf22nsd41p11s1dcl02msa.prm' ...
INFO  [VMC, CFG-018]: Reading file '/usr/local/designkits/GF/22nm/synopsys/gf22nsd41p11s1dcl02msa05/gf22nsd41p11s1dcl02msa05.glb' ...
INFO  [VMC, CFG-018]: Reading file '/usr/local/designkits/GF/22nm/synopsys/gf22nsd41p11s1dcl02msa05/gf22nsd41p11s1dcl02msa05_custom.glb' ...
INFO  [VMC, CHAR-060]: Project loaded from /usr/local/designkits/GF/22nm/synopsys/gf22nsd41p11s1dcl02msa05/gf22nsd41p11s1dcl02msa.cpj
INFO  [VMC, CHAR-131]: Loading project took 4.43 secs.
/usr/local/designkits/GF/22nm/synopsys/gf22nsd41p11s1dcl02msa05/char/arch_char
/usr/local/designkits/GF/22nm/synopsys/gf22nsd41p11s1dcl02msa05/char
INFO  [VMC, CHAR-105]: Running instance evaluation...
INFO  [VMC, CHAR-109]: Validating the project...
INFO  [VMC, CHAR-109]: (09-12-2022 14:13:55)  Corners validation done
INFO  [VMC, CHAR-131]: Validating netlist files took 0.00 secs.
INFO  [VMC, CHAR-113]: The project is valid
INFO  [VMC, CHAR-131]: Validating project took 0.76 secs.
INFO  [VMC, CHAR-140]: Initializing tables...
INFO  [VMC, CHAR-180]: Initialized all tables
INFO  [VMC, CHAR-200]: Determining what results are needed...
diff_factor=1.9634708652320025 bk_factor=1 
diff_factor=3.117110362844981 bk_factor=1 
diff_factor=1.2318035597975834 bk_factor=1 
Determining peak type for spwl_ls_vddp
Determining peak type for spwl_ls_vdda
Determining peak type for spwl_ls_vss
Determining peak type for spwl_ls_total
Determining peak type for spwl_read_vdda
Determining peak type for spwl_read_vddp
Determining peak type for spwl_read_vss
Determining peak type for spwl_read_total
Determining peak type for spwl_write_vdda
Determining peak type for spwl_write_vddp
Determining peak type for spwl_write_vss
Determining peak type for spwl_write_total
diff_factor=1.96653501330617 bk_factor=1 
diff_factor=3.144208828777156 bk_factor=1 
diff_factor=1.224660047736974 bk_factor=1 
Determining peak type for spwl_ls_vddp
Determining peak type for spwl_ls_vdda
Determining peak type for spwl_ls_vss
Determining peak type for spwl_ls_total
Determining peak type for spwl_read_vdda
Determining peak type for spwl_read_vddp
Determining peak type for spwl_read_vss
Determining peak type for spwl_read_total
Determining peak type for spwl_write_vdda
Determining peak type for spwl_write_vddp
Determining peak type for spwl_write_vss
Determining peak type for spwl_write_total
diff_factor=2.1647184900998613 bk_factor=1 
diff_factor=2.3560197420260156 bk_factor=1 
diff_factor=0.9954076104726568 bk_factor=1 
Determining peak type for spwl_ls_vddp
Determining peak type for spwl_ls_vdda
Determining peak type for spwl_ls_vss
Determining peak type for spwl_ls_total
Determining peak type for spwl_read_vdda
Determining peak type for spwl_read_vddp
Determining peak type for spwl_read_vss
Determining peak type for spwl_read_total
Determining peak type for spwl_write_vdda
Determining peak type for spwl_write_vddp
Determining peak type for spwl_write_vss
Determining peak type for spwl_write_total
diff_factor=1.650230145135625 bk_factor=1 
diff_factor=2.993507914053326 bk_factor=1 
diff_factor=1.2238968666488814 bk_factor=1 
Determining peak type for spwl_ls_vddp
Determining peak type for spwl_ls_vdda
Determining peak type for spwl_ls_vss
Determining peak type for spwl_ls_total
Determining peak type for spwl_read_vdda
Determining peak type for spwl_read_vddp
Determining peak type for spwl_read_vss
Determining peak type for spwl_read_total
Determining peak type for spwl_write_vdda
Determining peak type for spwl_write_vddp
Determining peak type for spwl_write_vss
Determining peak type for spwl_write_total
diff_factor=1.6477827421632147 bk_factor=1 
diff_factor=2.7093520090047547 bk_factor=1 
diff_factor=0.998328322646617 bk_factor=1 
Determining peak type for spwl_ls_vddp
Determining peak type for spwl_ls_vdda
Determining peak type for spwl_ls_vss
Determining peak type for spwl_ls_total
Determining peak type for spwl_read_vdda
Determining peak type for spwl_read_vddp
Determining peak type for spwl_read_vss
Determining peak type for spwl_read_total
Determining peak type for spwl_write_vdda
Determining peak type for spwl_write_vddp
Determining peak type for spwl_write_vss
Determining peak type for spwl_write_total
INFO  [VMC, CHAR-240]: Determined that 77740 results are needed so far
INFO  [VMC, CHAR-240]: Regular results:   1320 needed,  1320 final, 0 failed
INFO  [VMC, CHAR-240]: Equation results: 76420 needed, 76420 final, 0 failed
INFO  [VMC, CHAR-131]: Determining results took 28.54 secs.
Aged year list is 0.0
Aged year list is 0.0
Aged year list is 0.0
Aged year list is 0.0
Aged year list is 0.0
Coming here for mas op_ccs_K_so_20_h_rise with 0 -0.0024990000000000004 and tryign to set 0.00011
 now tt_value is 0.00011 and old was -0.0024990000000000004
Coming here for mas op_ccs_K_so_20_h_rise with 0.00011 -0.0018349746051327647 and tryign to set 0.0002200000000000001
 now tt_value is 0.0002200000000000001 and old was -0.0018349746051327647
Coming here for mas op_ccs_K_so_h_rise with 0 -0.0024990000000000004 and tryign to set 0.00011
 now tt_value is 0.00011 and old was -0.0024990000000000004
Coming here for mas op_ccs_K_so_h_rise with 0.00011 -0.0018349746051327647 and tryign to set 0.0002200000000000001
 now tt_value is 0.0002200000000000001 and old was -0.0018349746051327647
INFO  [VMC, CHAR-460]: Writing of output files completed
INFO  [VMC, CHAR-434]: Instance evaluation completed
INFO  [VMC, VMC-053]: Reading delay files ...
INFO  [VMC, VMC-054]: Calculating delays for 'tt0p8v25c_0p8v_0v_0v' conditions
INFO  [VMC, VMC-054]: Calculating delays for 'ssg_fcmax0p72v125c_0p72v_0v_0v' conditions
INFO  [VMC, VMC-054]: Calculating delays for 'ssg_fcmax0p72vn40c_0p72v_0v_0v' conditions
INFO  [VMC, VMC-054]: Calculating delays for 'ffg_fcmin0p84vn40c_0p84v_0v_0v' conditions
INFO  [VMC, VMC-054]: Calculating delays for 'ffg_fcmin0p84v150c_0p84v_0v_0v' conditions
INFO  [VMC, VMC-131]: Reading delay files took 0.88 secs.
INFO  [VMC, VMC-131]: Delay calculation took 54.75 secs.
INFO  [VMC, VMC-235]: CAF flow ...
INFO  [VMC, VMC-236]: CAF initialization ...
INFO  [VMC, VMC-131]: CAF initialization took 0.50 secs.
INFO  [VMC, VMC-237]: CAF loading ...
INFO  [VMC, VMC-131]: CAF loading took 0.17 secs.
INFO  [VMC, VMC-238]: CAF top assembly creation ...
INFO  [VMC, VMC-131]: CAF top assembly creation took 0.74 secs.
INFO  [VMC, VMC-239]: CAF execution ...
INFO  [VMC, CAF-1175]: cadet.tiler: INFO+9: Running the caf.tile flow on <Top(name='SNPS_SP_HD_2Kx80')> ...
INFO  [VMC, CAF-1237]: cadet.tiler: INFO+9: The caf.tile flow completed: 0 Cells have errors, 0 Cells have warnings.
INFO  [VMC, CAF-1238]: cadet.tiler: INFO+9: Running the caf.tile flow on <Top(name='SNPS_SP_HD_2Kx80')> took 14.75 secs.
INFO  [VMC, VMC-131]: CAF execution took 14.88 secs.
INFO  [VMC, VMC-240]: Pin map generation ...
INFO  [VMC, VMC-131]: Pin map generation took 0.00 secs.
INFO  [VMC, VMC-131]: CAF flow took 16.41 secs.
INFO  [VMC, VMC-193]: Expanding templates ...
INFO  [VMC, EXP-001]: Expanding 'Combined Datasheet for all PVT corners' template '/usr/local/designkits/GF/22nm/synopsys/gf22nsd41p11s1dcl02msa05/mc_allpvt.tpl' to '/home/jeme/project/Imsys_copy/memory/Imsys_2/compout/views/SNPS_SP_HD_2Kx80/SNPS_SP_HD_2Kx80_allpvt.ds'
INFO  [VMC, EXP-001]: Expanding 'Datasheet for HTML' template '/usr/local/designkits/GF/22nm/synopsys/gf22nsd41p11s1dcl02msa05/mc_allpvthtml.tpl' to '/home/jeme/project/Imsys_copy/memory/Imsys_2/compout/views/SNPS_SP_HD_2Kx80/SNPS_SP_HD_2Kx80_allpvt.html'
INFO  [VMC, EXP-001]: Expanding 'Summary' template '/usr/local/designkits/GF/22nm/synopsys/gf22nsd41p11s1dcl02msa05/mc_dssum.tpl' to '/home/jeme/project/Imsys_copy/memory/Imsys_2/compout/views/SNPS_SP_HD_2Kx80/tt0p8v25c_0p8v_0v_0v/SNPS_SP_HD_2Kx80.summ'
INFO  [VMC, EXP-001]: Expanding 'Summary' template '/usr/local/designkits/GF/22nm/synopsys/gf22nsd41p11s1dcl02msa05/mc_dssum.tpl' to '/home/jeme/project/Imsys_copy/memory/Imsys_2/compout/views/SNPS_SP_HD_2Kx80/ssg_fcmax0p72v125c_0p72v_0v_0v/SNPS_SP_HD_2Kx80.summ'
INFO  [VMC, EXP-001]: Expanding 'Summary' template '/usr/local/designkits/GF/22nm/synopsys/gf22nsd41p11s1dcl02msa05/mc_dssum.tpl' to '/home/jeme/project/Imsys_copy/memory/Imsys_2/compout/views/SNPS_SP_HD_2Kx80/ssg_fcmax0p72vn40c_0p72v_0v_0v/SNPS_SP_HD_2Kx80.summ'
INFO  [VMC, EXP-001]: Expanding 'Summary' template '/usr/local/designkits/GF/22nm/synopsys/gf22nsd41p11s1dcl02msa05/mc_dssum.tpl' to '/home/jeme/project/Imsys_copy/memory/Imsys_2/compout/views/SNPS_SP_HD_2Kx80/ffg_fcmin0p84vn40c_0p84v_0v_0v/SNPS_SP_HD_2Kx80.summ'
INFO  [VMC, EXP-001]: Expanding 'Summary' template '/usr/local/designkits/GF/22nm/synopsys/gf22nsd41p11s1dcl02msa05/mc_dssum.tpl' to '/home/jeme/project/Imsys_copy/memory/Imsys_2/compout/views/SNPS_SP_HD_2Kx80/ffg_fcmin0p84v150c_0p84v_0v_0v/SNPS_SP_HD_2Kx80.summ'
INFO  [VMC, EXP-001]: Expanding 'Verilog Behavioral/RTL Model' template '/usr/local/designkits/GF/22nm/synopsys/gf22nsd41p11s1dcl02msa05/mc_verilog.tpl' to '/home/jeme/project/Imsys_copy/memory/Imsys_2/compout/views/SNPS_SP_HD_2Kx80/tt0p8v25c_0p8v_0v_0v/SNPS_SP_HD_2Kx80.v'
INFO  [VMC, EXP-001]: Expanding 'Verilog Behavioral/RTL Model' template '/usr/local/designkits/GF/22nm/synopsys/gf22nsd41p11s1dcl02msa05/mc_verilog.tpl' to '/home/jeme/project/Imsys_copy/memory/Imsys_2/compout/views/SNPS_SP_HD_2Kx80/ssg_fcmax0p72v125c_0p72v_0v_0v/SNPS_SP_HD_2Kx80.v'
INFO  [VMC, EXP-001]: Expanding 'Verilog Behavioral/RTL Model' template '/usr/local/designkits/GF/22nm/synopsys/gf22nsd41p11s1dcl02msa05/mc_verilog.tpl' to '/home/jeme/project/Imsys_copy/memory/Imsys_2/compout/views/SNPS_SP_HD_2Kx80/ssg_fcmax0p72vn40c_0p72v_0v_0v/SNPS_SP_HD_2Kx80.v'
INFO  [VMC, EXP-001]: Expanding 'Verilog Behavioral/RTL Model' template '/usr/local/designkits/GF/22nm/synopsys/gf22nsd41p11s1dcl02msa05/mc_verilog.tpl' to '/home/jeme/project/Imsys_copy/memory/Imsys_2/compout/views/SNPS_SP_HD_2Kx80/ffg_fcmin0p84vn40c_0p84v_0v_0v/SNPS_SP_HD_2Kx80.v'
INFO  [VMC, EXP-001]: Expanding 'Verilog Behavioral/RTL Model' template '/usr/local/designkits/GF/22nm/synopsys/gf22nsd41p11s1dcl02msa05/mc_verilog.tpl' to '/home/jeme/project/Imsys_copy/memory/Imsys_2/compout/views/SNPS_SP_HD_2Kx80/ffg_fcmin0p84v150c_0p84v_0v_0v/SNPS_SP_HD_2Kx80.v'
INFO  [VMC, EXP-001]: Expanding 'Synopsys Model' template '/usr/local/designkits/GF/22nm/synopsys/gf22nsd41p11s1dcl02msa05/mc_syn.tpl' to '/home/jeme/project/Imsys_copy/memory/Imsys_2/compout/views/SNPS_SP_HD_2Kx80/tt0p8v25c_0p8v_0v_0v/SNPS_SP_HD_2Kx80.lib'
INFO  [VMC, EXP-001]: Expanding 'Synopsys Model' template '/usr/local/designkits/GF/22nm/synopsys/gf22nsd41p11s1dcl02msa05/mc_syn.tpl' to '/home/jeme/project/Imsys_copy/memory/Imsys_2/compout/views/SNPS_SP_HD_2Kx80/ssg_fcmax0p72v125c_0p72v_0v_0v/SNPS_SP_HD_2Kx80.lib'
INFO  [VMC, EXP-001]: Expanding 'Synopsys Model' template '/usr/local/designkits/GF/22nm/synopsys/gf22nsd41p11s1dcl02msa05/mc_syn.tpl' to '/home/jeme/project/Imsys_copy/memory/Imsys_2/compout/views/SNPS_SP_HD_2Kx80/ssg_fcmax0p72vn40c_0p72v_0v_0v/SNPS_SP_HD_2Kx80.lib'
INFO  [VMC, EXP-001]: Expanding 'Synopsys Model' template '/usr/local/designkits/GF/22nm/synopsys/gf22nsd41p11s1dcl02msa05/mc_syn.tpl' to '/home/jeme/project/Imsys_copy/memory/Imsys_2/compout/views/SNPS_SP_HD_2Kx80/ffg_fcmin0p84vn40c_0p84v_0v_0v/SNPS_SP_HD_2Kx80.lib'
INFO  [VMC, EXP-001]: Expanding 'Synopsys Model' template '/usr/local/designkits/GF/22nm/synopsys/gf22nsd41p11s1dcl02msa05/mc_syn.tpl' to '/home/jeme/project/Imsys_copy/memory/Imsys_2/compout/views/SNPS_SP_HD_2Kx80/ffg_fcmin0p84v150c_0p84v_0v_0v/SNPS_SP_HD_2Kx80.lib'
INFO  [VMC, EXP-001]: Expanding 'VHDL RTL Model' template '/usr/local/designkits/GF/22nm/synopsys/gf22nsd41p11s1dcl02msa05/mc_vhd_rtl.tpl' to '/home/jeme/project/Imsys_copy/memory/Imsys_2/compout/views/SNPS_SP_HD_2Kx80/tt0p8v25c_0p8v_0v_0v/SNPS_SP_HD_2Kx80_rtl.vhd'
INFO  [VMC, EXP-001]: Expanding 'VHDL RTL Model' template '/usr/local/designkits/GF/22nm/synopsys/gf22nsd41p11s1dcl02msa05/mc_vhd_rtl.tpl' to '/home/jeme/project/Imsys_copy/memory/Imsys_2/compout/views/SNPS_SP_HD_2Kx80/ssg_fcmax0p72v125c_0p72v_0v_0v/SNPS_SP_HD_2Kx80_rtl.vhd'
INFO  [VMC, EXP-001]: Expanding 'VHDL RTL Model' template '/usr/local/designkits/GF/22nm/synopsys/gf22nsd41p11s1dcl02msa05/mc_vhd_rtl.tpl' to '/home/jeme/project/Imsys_copy/memory/Imsys_2/compout/views/SNPS_SP_HD_2Kx80/ssg_fcmax0p72vn40c_0p72v_0v_0v/SNPS_SP_HD_2Kx80_rtl.vhd'
INFO  [VMC, EXP-001]: Expanding 'VHDL RTL Model' template '/usr/local/designkits/GF/22nm/synopsys/gf22nsd41p11s1dcl02msa05/mc_vhd_rtl.tpl' to '/home/jeme/project/Imsys_copy/memory/Imsys_2/compout/views/SNPS_SP_HD_2Kx80/ffg_fcmin0p84vn40c_0p84v_0v_0v/SNPS_SP_HD_2Kx80_rtl.vhd'
INFO  [VMC, EXP-001]: Expanding 'VHDL RTL Model' template '/usr/local/designkits/GF/22nm/synopsys/gf22nsd41p11s1dcl02msa05/mc_vhd_rtl.tpl' to '/home/jeme/project/Imsys_copy/memory/Imsys_2/compout/views/SNPS_SP_HD_2Kx80/ffg_fcmin0p84v150c_0p84v_0v_0v/SNPS_SP_HD_2Kx80_rtl.vhd'
INFO  [VMC, EXP-001]: Expanding 'Verilog Behavioral Model and Vital Behavioral Model Testbench' template '/usr/local/designkits/GF/22nm/synopsys/gf22nsd41p11s1dcl02msa05/mc_verilog_vhd_stim.tpl' to '/home/jeme/project/Imsys_copy/memory/Imsys_2/compout/views/SNPS_SP_HD_2Kx80/tt0p8v25c_0p8v_0v_0v/SNPS_SP_HD_2Kx80_verilog_vhd_stim.v'
INFO  [VMC, EXP-001]: Expanding 'Verilog Behavioral Model and Vital Behavioral Model Testbench' template '/usr/local/designkits/GF/22nm/synopsys/gf22nsd41p11s1dcl02msa05/mc_verilog_vhd_stim.tpl' to '/home/jeme/project/Imsys_copy/memory/Imsys_2/compout/views/SNPS_SP_HD_2Kx80/ssg_fcmax0p72v125c_0p72v_0v_0v/SNPS_SP_HD_2Kx80_verilog_vhd_stim.v'
INFO  [VMC, EXP-001]: Expanding 'Verilog Behavioral Model and Vital Behavioral Model Testbench' template '/usr/local/designkits/GF/22nm/synopsys/gf22nsd41p11s1dcl02msa05/mc_verilog_vhd_stim.tpl' to '/home/jeme/project/Imsys_copy/memory/Imsys_2/compout/views/SNPS_SP_HD_2Kx80/ssg_fcmax0p72vn40c_0p72v_0v_0v/SNPS_SP_HD_2Kx80_verilog_vhd_stim.v'
INFO  [VMC, EXP-001]: Expanding 'Verilog Behavioral Model and Vital Behavioral Model Testbench' template '/usr/local/designkits/GF/22nm/synopsys/gf22nsd41p11s1dcl02msa05/mc_verilog_vhd_stim.tpl' to '/home/jeme/project/Imsys_copy/memory/Imsys_2/compout/views/SNPS_SP_HD_2Kx80/ffg_fcmin0p84vn40c_0p84v_0v_0v/SNPS_SP_HD_2Kx80_verilog_vhd_stim.v'
INFO  [VMC, EXP-001]: Expanding 'Verilog Behavioral Model and Vital Behavioral Model Testbench' template '/usr/local/designkits/GF/22nm/synopsys/gf22nsd41p11s1dcl02msa05/mc_verilog_vhd_stim.tpl' to '/home/jeme/project/Imsys_copy/memory/Imsys_2/compout/views/SNPS_SP_HD_2Kx80/ffg_fcmin0p84v150c_0p84v_0v_0v/SNPS_SP_HD_2Kx80_verilog_vhd_stim.v'
INFO  [VMC, EXP-001]: Expanding 'Fast functional Verilog Model ' template '/usr/local/designkits/GF/22nm/synopsys/gf22nsd41p11s1dcl02msa05/mc_fast_func_verilog.tpl' to '/home/jeme/project/Imsys_copy/memory/Imsys_2/compout/views/SNPS_SP_HD_2Kx80/SNPS_SP_HD_2Kx80_fast_func.v'
INFO  [VMC, VMC-131]: Expanding templates took 19.55 secs.
INFO  [VMC, VMC-214]: Reducing /usr/local/designkits/GF/22nm/synopsys/gf22nsd41p11s1dcl02msa05/design2gf_xltt.csv file to /home/jeme/project/Imsys_copy/memory/Imsys_2/compout/views/SNPS_SP_HD_2Kx80/xltt.csv ...
INFO  [VMC, VMC-131]: Reducing /usr/local/designkits/GF/22nm/synopsys/gf22nsd41p11s1dcl02msa05/design2gf_xltt.csv file to /home/jeme/project/Imsys_copy/memory/Imsys_2/compout/views/SNPS_SP_HD_2Kx80/xltt.csv took 0.03 secs.
INFO  [VMC, VMC-244]: Layer translation ...
INFO  [VMC, G2G-014]: Converting layers using layers mapping file '/home/jeme/project/Imsys_copy/memory/Imsys_2/compout/views/SNPS_SP_HD_2Kx80/xltt.csv'
INFO  [VMC, VMC-131]: Layer translation took 0.54 secs.
INFO  [VMC, VMC-247]: Complete OASIS generation ...
INFO  [VMC, VMC-131]: Complete OASIS generation took 0.15 secs.
INFO  [VMC, VMC-149]: Extracting straps ...
INFO  [VMC, VMC-173]: File '/home/jeme/project/Imsys_copy/memory/Imsys_2/compout/views/SNPS_SP_HD_2Kx80/SNPS_SP_HD_2Kx80.masis': not found
INFO  [VMC, VMC-150]: Skipping strap extraction
INFO  [VMC, VMC-131]: Extracting straps took 0.00 secs.
INFO  [VMC, VMC-131]: Complete component generation took 94.48 secs.
INFO  [VMC, VMC-093]: Peak memory used: 1378.01 M
INFO  [VMC, VMC-046]: Errors: 0, Warnings: 0
