
                                      VMC 
                               Embed-It! (R)  VMC

               Version S-2021.09-SP1 for linux64 - Oct 15, 2021 

                    Copyright (c) 1988 - 2021 Synopsys, Inc.
   This software and the associated documentation are proprietary to Synopsys,
 Inc. This software may only be used in accordance with the terms and conditions
 of a written license agreement with Synopsys, Inc. All other use, reproduction,
            or distribution of this software is strictly prohibited.
INFO  [VMC, VMC-264]: Load of compiler database ...
INFO  [VMC, CFG-216]: Reading file '/usr/local/synopsys/embedit/S-2021.09-SP1/data/cadet.prm' ...
INFO  [VMC, CFG-216]: Reading file '/usr/local/synopsys/embedit/S-2021.09-SP1/data/memory.prm' ...
INFO  [VMC, CFG-216]: Reading file '/usr/local/designkits/GF/22nm/synopsys/gf22nsd41p11s1srl256sa04p1/gf22nsd41p11s1srl256sa.prm' ...
INFO  [VMC, CFG-018]: Reading file '/usr/local/designkits/GF/22nm/synopsys/gf22nsd41p11s1srl256sa04p1/gf22nsd41p11s1srl256sa04p1.glb' ...
INFO  [VMC, CFG-018]: Reading file '/usr/local/designkits/GF/22nm/synopsys/gf22nsd41p11s1srl256sa04p1/gf22nsd41p11s1srl256sa04p1_custom.glb' ...
INFO  [VMC, CFG-018]: Reading file '/home/jeme/project/Imsys_copy/memory/Imsys_2/compout/views/SNPS_RF_SP_UHS_256x64/SNPS_RF_SP_UHS_256x64.cfg' ...
INFO  [VMC, CFG-230]: Load of cfg settings complete
INFO  [VMC, VMC-131]: Load of compiler database took 0.25 secs.
INFO  [VMC, VMC-233]: Input parameters validation ...
INFO  [VMC, VMC-131]: Input parameters validation took 0.43 secs.
INFO  [VMC, BDIST-000]: rebuf_seg_number is 0
center_decode=1 nb=64 NBR=32 r_rebuf_insertion_point=0 r_sps=1.0 NBRS1=32 NBRS2=0 NBRS3=0 NBRS4=0 NBRS5=0 NBRS6=0 NBRS7=0 NBRS8=0 
center_decode=1 nb=64 NBL=32 l_rebuf_insertion_point=0 l_sps=1.0 NBLS1=32 NBLS2=0 NBLS3=0 NBLS4=0 NBLS5=0 NBLS6=0 NBLS7=0 NBLS8=0
0 : group6l_min=0 ,group6l_max=0 :: group5l_min=0 ,group5l_max=0
0 : group4l_min=0 ,group4l_max=0 :: group3l_min=0 ,group3l_max=0
32 : group2l_min=0 ,group2l_max=15 :: group1l_min=16 ,group1l_max=31
32 : group1h_min=32 ,group1h_max=47 :: group2h_min=48 ,group2h_max=63
0 : group3h_min=0 ,group3h_max=0 :: group4h_min=0 ,group4h_max=0
0 : group5h_min=0 ,group5h_max=0 :: group6h_min=0 ,group6h_max=0
{0 0} {0 0} {0 0} {0 0} {0 15} {16 31} :  {32 47} {48 63} {0 0} {0 0} {0 0}  {0 0} 
NBL=32 NBR=32
INFO  [VMC, VMC-234]: Delay calculation ...
INFO  [VMC, CHAR-020]: Loading project ...
INFO  [VMC, CFG-216]: Reading file '/usr/local/synopsys/embedit/S-2021.09-SP1/data/cadet.prm' ...
INFO  [VMC, CFG-216]: Reading file '/usr/local/synopsys/embedit/S-2021.09-SP1/data/memory.prm' ...
INFO  [VMC, CFG-216]: Reading file '/usr/local/designkits/GF/22nm/synopsys/gf22nsd41p11s1srl256sa04p1/gf22nsd41p11s1srl256sa.prm' ...
INFO  [VMC, CFG-018]: Reading file '/usr/local/designkits/GF/22nm/synopsys/gf22nsd41p11s1srl256sa04p1/gf22nsd41p11s1srl256sa04p1.glb' ...
INFO  [VMC, CFG-018]: Reading file '/usr/local/designkits/GF/22nm/synopsys/gf22nsd41p11s1srl256sa04p1/gf22nsd41p11s1srl256sa04p1_custom.glb' ...
INFO  [VMC, CHAR-060]: Project loaded from /usr/local/designkits/GF/22nm/synopsys/gf22nsd41p11s1srl256sa04p1/gf22nsd41p11s1srl256sa.cpj
INFO  [VMC, CHAR-131]: Loading project took 6.80 secs.
/usr/local/designkits/GF/22nm/synopsys/gf22nsd41p11s1srl256sa04p1/char/arch_char
/usr/local/designkits/GF/22nm/synopsys/gf22nsd41p11s1srl256sa04p1/char
INFO  [VMC, CHAR-105]: Running instance evaluation...
INFO  [VMC, CHAR-109]: Validating the project...
INFO  [VMC, CHAR-109]: (23-05-2022 13:53:57)  Corners validation done
INFO  [VMC, CHAR-131]: Validating netlist files took 0.00 secs.
INFO  [VMC, CHAR-113]: The project is valid
INFO  [VMC, CHAR-131]: Validating project took 0.62 secs.
INFO  [VMC, CHAR-140]: Initializing tables...
INFO  [VMC, CHAR-180]: Initialized all tables
INFO  [VMC, CHAR-200]: Determining what results are needed...
INFO  [VMC, CHAR-240]: Determined that 46125 results are needed so far
INFO  [VMC, CHAR-240]: Regular results:    819 needed,   819 final, 0 failed
INFO  [VMC, CHAR-240]: Equation results: 45306 needed, 45306 final, 0 failed
INFO  [VMC, CHAR-131]: Determining results took 25.96 secs.
INFO  [VMC, CHAR-460]: Writing of output files completed
INFO  [VMC, CHAR-434]: Instance evaluation completed
INFO  [VMC, VMC-053]: Reading delay files ...
INFO  [VMC, VMC-054]: Calculating delays for 'tt0p8v25c_0p8v_0v_0v' conditions
INFO  [VMC, VMC-054]: Calculating delays for 'ssg_fcmax0p72v125c_0p72v_0v_0v' conditions
INFO  [VMC, VMC-054]: Calculating delays for 'ssg_fcmax0p72vn40c_0p72v_0v_0v' conditions
INFO  [VMC, VMC-131]: Reading delay files took 0.50 secs.
INFO  [VMC, VMC-131]: Delay calculation took 44.94 secs.
INFO  [VMC, VMC-235]: CAF flow ...
INFO  [VMC, VMC-236]: CAF initialization ...
INFO  [VMC, VMC-131]: CAF initialization took 0.46 secs.
INFO  [VMC, VMC-237]: CAF loading ...
INFO  [VMC, VMC-131]: CAF loading took 0.21 secs.
INFO  [VMC, VMC-238]: CAF top assembly creation ...
INFO  [VMC, VMC-131]: CAF top assembly creation took 0.62 secs.
INFO  [VMC, VMC-239]: CAF execution ...
INFO  [VMC, CAF-1175]: cadet.tiler: INFO+9: Running the caf.tile flow on <Top(name='SNPS_RF_SP_UHS_256x64')> ...
INFO  [VMC, CAF-1237]: cadet.tiler: INFO+9: The caf.tile flow completed: 0 Cells have errors, 0 Cells have warnings.
INFO  [VMC, CAF-1238]: cadet.tiler: INFO+9: Running the caf.tile flow on <Top(name='SNPS_RF_SP_UHS_256x64')> took 5.08 secs.
INFO  [VMC, VMC-131]: CAF execution took 5.25 secs.
INFO  [VMC, VMC-240]: Pin map generation ...
INFO  [VMC, VMC-131]: Pin map generation took 0.00 secs.
INFO  [VMC, VMC-131]: CAF flow took 6.53 secs.
INFO  [VMC, VMC-193]: Expanding templates ...
INFO  [VMC, EXP-001]: Expanding 'Combined Datasheet for all PVT corners' template '/usr/local/designkits/GF/22nm/synopsys/gf22nsd41p11s1srl256sa04p1/mc_allpvt.tpl' to '/home/jeme/project/Imsys_copy/memory/Imsys_2/compout/views/SNPS_RF_SP_UHS_256x64/SNPS_RF_SP_UHS_256x64_allpvt.ds'
INFO  [VMC, EXP-001]: Expanding 'Datasheet for HTML' template '/usr/local/designkits/GF/22nm/synopsys/gf22nsd41p11s1srl256sa04p1/mc_allpvthtml.tpl' to '/home/jeme/project/Imsys_copy/memory/Imsys_2/compout/views/SNPS_RF_SP_UHS_256x64/SNPS_RF_SP_UHS_256x64_allpvt.html'
INFO  [VMC, EXP-001]: Expanding 'Summary' template '/usr/local/designkits/GF/22nm/synopsys/gf22nsd41p11s1srl256sa04p1/mc_dssum.tpl' to '/home/jeme/project/Imsys_copy/memory/Imsys_2/compout/views/SNPS_RF_SP_UHS_256x64/tt0p8v25c_0p8v_0v_0v/SNPS_RF_SP_UHS_256x64.summ'
INFO  [VMC, EXP-001]: Expanding 'Summary' template '/usr/local/designkits/GF/22nm/synopsys/gf22nsd41p11s1srl256sa04p1/mc_dssum.tpl' to '/home/jeme/project/Imsys_copy/memory/Imsys_2/compout/views/SNPS_RF_SP_UHS_256x64/ssg_fcmax0p72v125c_0p72v_0v_0v/SNPS_RF_SP_UHS_256x64.summ'
INFO  [VMC, EXP-001]: Expanding 'Summary' template '/usr/local/designkits/GF/22nm/synopsys/gf22nsd41p11s1srl256sa04p1/mc_dssum.tpl' to '/home/jeme/project/Imsys_copy/memory/Imsys_2/compout/views/SNPS_RF_SP_UHS_256x64/ssg_fcmax0p72vn40c_0p72v_0v_0v/SNPS_RF_SP_UHS_256x64.summ'
INFO  [VMC, EXP-001]: Expanding 'Fast functional Verilog Model ' template '/usr/local/designkits/GF/22nm/synopsys/gf22nsd41p11s1srl256sa04p1/mc_fast_func_verilog.tpl' to '/home/jeme/project/Imsys_copy/memory/Imsys_2/compout/views/SNPS_RF_SP_UHS_256x64/SNPS_RF_SP_UHS_256x64_fast_func.v'
INFO  [VMC, VMC-131]: Expanding templates took 2.47 secs.
INFO  [VMC, VMC-149]: Extracting straps ...
INFO  [VMC, VMC-173]: File '/home/jeme/project/Imsys_copy/memory/Imsys_2/compout/views/SNPS_RF_SP_UHS_256x64/SNPS_RF_SP_UHS_256x64.masis': not found
INFO  [VMC, VMC-150]: Skipping strap extraction
INFO  [VMC, VMC-131]: Extracting straps took 0.00 secs.
INFO  [VMC, VMC-131]: Complete component generation took 56.01 secs.
INFO  [VMC, VMC-093]: Peak memory used: 1140.43 M
INFO  [VMC, VMC-046]: Errors: 0, Warnings: 0
