
                                      VMC 
                               Embed-It! (R)  VMC

               Version S-2021.09-SP1 for linux64 - Oct 15, 2021 

                    Copyright (c) 1988 - 2021 Synopsys, Inc.
   This software and the associated documentation are proprietary to Synopsys,
 Inc. This software may only be used in accordance with the terms and conditions
 of a written license agreement with Synopsys, Inc. All other use, reproduction,
            or distribution of this software is strictly prohibited.
INFO  [VMC, VMC-264]: Load of compiler database ...
INFO  [VMC, CFG-216]: Reading file '/usr/local/synopsys/embedit/S-2021.09-SP1/data/cadet.prm' ...
INFO  [VMC, CFG-216]: Reading file '/usr/local/synopsys/embedit/S-2021.09-SP1/data/ROM.prm' ...
INFO  [VMC, CFG-216]: Reading file '/usr/local/designkits/GF/22nm/synopsys/gf22nsd41p10s1dvl01msa03/gf22nsd41p10s1dvl01msa.prm' ...
INFO  [VMC, CFG-018]: Reading file '/usr/local/designkits/GF/22nm/synopsys/gf22nsd41p10s1dvl01msa03/gf22nsd41p10s1dvl01msa03.glb' ...
INFO  [VMC, CFG-018]: Reading file '/usr/local/designkits/GF/22nm/synopsys/gf22nsd41p10s1dvl01msa03/gf22nsd41p10s1dvl01msa03_custom.glb' ...
INFO  [VMC, CFG-018]: Reading file '/home/jeme/project/Imsys_copy/memory/Imsys_2/compout/views/SNPS_ROM_4Kx80_mprom00/SNPS_ROM_4Kx80_mprom00.cfg' ...
INFO  [VMC, CFG-230]: Load of cfg settings complete
INFO  [VMC, VMC-131]: Load of compiler database took 0.26 secs.
INFO  [VMC, VMC-233]: Input parameters validation ...
INFO  [VMC, VMC-131]: Input parameters validation took 0.45 secs.
INFO  [VMC, ROM_probes-000]: (badbitnear_name_index=xtop.x_top_lay.badb[40])
INFO  [VMC, ROM_probes-000]: (bttop_name_index=xtop.x_top_lay.x_top.bt_bk7[639])
INFO  [VMC, ROM_probes-000]: (bttopm_name_index=xtop.x_top_lay.x_top.bt_bk7[638])
INFO  [VMC, ROM_probes-000]: (btbotp_name_index=xtop.x_top_lay.x_top.bt_bk0[320])
INFO  [VMC, ROM_probes-000]: (btbot_name_index=xtop.x_top_lay.x_top.bt_bk0[321])
INFO  [VMC, ROM_probes-000]: (rtbot_name_index=xtop.x_top_lay.x_top.rti0[20])
INFO  [VMC, ROM_probes-000]: (rttop_name_index=xtop.x_top_lay.x_top.rti1[159])
INFO  [VMC, ROM_probes-000]: (wlbot_name_index=xtop.x_top_lay.wl_h_bk0[0])
INFO  [VMC, ROM_probes-000]: (wlbotp_name_index=xtop.x_top_lay.wl_h_bk0[1])
INFO  [VMC, ROM_probes-000]: (wltop_name_index=xtop.x_top_lay.wl_h_bk7[63])
INFO  [VMC, ROM_probes-000]: (wltopm_name_index=xtop.x_top_lay.wl_h_bk7[62])
INFO  [VMC, ROM_probes-000]: (qnear_name_index=q[40])
INFO  [VMC, ROM_probes-000]: (qnearp_name_index=q[41])
INFO  [VMC, ROM_probes-000]: (qfar_name_index=q[79])
INFO  [VMC, ROM_probes-000]: (qfarm_name_index=q[78])
INFO  [VMC, ROM_probes-000]: (qnear_left_name_index=q[39])
INFO  [VMC, ROM_probes-000]: (qnearp_left_name_index=q[38])
INFO  [VMC, ROM_probes-000]: (qfar_left_name_index=q[0])
INFO  [VMC, ROM_probes-000]: (qfarm_left_name_index=q[1])
INFO  [VMC, ROM_probes-000]: (qbtop_name_index=xtop.x_top_lay.qbb[39])
INFO  [VMC, ROM_probes-000]: (qbbot_name_index=xtop.x_top_lay.qba[20])
INFO  [VMC, ROM_probes-000]: (qttop_name_index=xtop.x_top_lay.qtb[39])
INFO  [VMC, ROM_probes-000]: (qtbot_name_index=xtop.x_top_lay.qta[20])
INFO  [VMC, ROM_probes-000]: (saebbot_name_index=xtop.x_top_lay.x_top.x_sac_row_12.x_sac_rt.x_sac_lt_seg1.x_mm15a03_u_rom_sacm8x2_s0.xsff.saebl)
INFO  [VMC, ROM_probes-000]: (saebtop_name_index=xtop.x_top_lay.x_top.x_sac_row_top.x_sac_row.x_sac_rt.x_sac_lt_seg1.x_mm15a03_u_rom_sacm8x2_f0.xsff.saebl)
INFO  [VMC, ROM_probes-000]: (rblphbot_name_index=xtop.x_top_lay.x_top.RBLPH[1])
INFO  [VMC, ROM_probes-000]: (rblphtop_name_index=xtop.x_top_lay.x_top.RBLPH[7])
INFO  [VMC, ROM_probes-000]: (rblrdbot_name_index=xtop.x_top_lay.x_top.RBLRD[1])
INFO  [VMC, ROM_probes-000]: (rblrdtop_name_index=xtop.x_top_lay.x_top.RBLRD[7])
INFO  [VMC, ROM_probes-000]: (iffnear_name_index=xtop.x_top_lay.x_top.x_gio_row.x_gio_rt.x_gio_rt_seg1.x_mm15a03_u_rom_giom8x2_pf_bk4.xgio_0.xdo.iffa)
INFO  [VMC, ROM_probes-000]: (iffnearp_name_index=xtop.x_top_lay.x_top.x_gio_row.x_gio_rt.x_gio_rt_seg1.x_mm15a03_u_rom_giom8x2_pf_bk4.xgio_0.xdo.iffb)
INFO  [VMC, ROM_probes-000]: (ifffarm_name_index=xtop.x_top_lay.x_top.x_gio_row.x_gio_rt.x_gio_rt_seg1.x_mm15a03_u_rom_giom8x2_bk4_f0.xgio_0.xdo.iffa)
INFO  [VMC, ROM_probes-000]: (ifffar_name_index=xtop.x_top_lay.x_top.x_gio_row.x_gio_rt.x_gio_rt_seg1.x_mm15a03_u_rom_giom8x2_bk4_f0.xgio_0.xdo.iffb)
INFO  [VMC, ROM_probes-000]: (prchbot_far_name_index=xtop.x_top_lay.x_top.x_sac_row_12.prch)
INFO  [VMC, ROM_probes-000]: (prchbot_near_name_index=xtop.x_top_lay.x_top.x_sac_row_12.prch)
INFO  [VMC, ROM_probes-000]: (prchtop_far_name_index=xtop.x_top_lay.x_top.x_sac_row_top.x_sac_row.prch)
INFO  [VMC, ROM_probes-000]: (prchtop_near_name_index=xtop.x_top_lay.x_top.x_sac_row_top.x_sac_row.prch)
INFO  [VMC, ROM_probes-000]: (prchbot_name_index=xtop.x_top_lay.x_top.x_sac_row_12.prch)
INFO  [VMC, ROM_probes-000]: (prchtop_name_index=xtop.x_top_lay.x_top.x_sac_row_top.x_sac_row.prch)
INFO  [VMC, ROM_probes-000]: (float_name_index=xtop.x_top_lay.float)
INFO  [VMC, ROM_probes-000]: (vddpi_name_index=xtop.x_top_lay.vddpi)
INFO  [VMC, ROM_probes-000]: (rwlbot_name_index=xtop.x_top_lay.x_top.x_ref_row_bank2.rwl)
INFO  [VMC, ROM_probes-000]: (rwltop_name_index=xtop.x_top_lay.x_top.x_ref_row_top.rwl)
INFO  [VMC, ROM_probes-000]: (saprchbotnear_name_index=xtop.x_top_lay.x_top.x_sac_row_12.x_sac_rt.x_sac_lt_seg1.x_mm15a03_u_rom_sacm8x2_s0.xsff.saprch)
INFO  [VMC, ROM_probes-000]: (saprchtopfar_name_index=xtop.x_top_lay.x_top.x_sac_row_top.x_sac_row.x_sac_rt.x_sac_lt_seg1.x_mm15a03_u_rom_sacm8x2_f0.xsff.saprch)
INFO  [VMC, ROM_probes-000]: (saetopfar_name_index=xtop.x_top_lay.x_top.x_sac_row_top.x_sac_row.x_sac_rt.x_sac_lt_seg1.x_mm15a03_u_rom_sacm8x2_f0.xsff.sae)
INFO  [VMC, ROM_probes-000]: (saebotnear_name_index=xtop.x_top_lay.x_top.x_sac_row_12.x_sac_rt.x_sac_lt_seg1.x_mm15a03_u_rom_sacm8x2_s0.xsff.sae)
INFO  [VMC, ROM_probes-000]: (saetopnear_name_index=xtop.x_top_lay.x_top.x_sac_row_top.x_sac_row.x_sac_rt.x_sac_lt_seg1.x_mm15a03_u_rom_sacm8x2_s0.xsff.sae)
INFO  [VMC, ROM_probes-000]: (saebotfar_name_index=xtop.x_top_lay.x_top.x_sac_row_12.x_sac_rt.x_sac_lt_seg1.x_mm15a03_u_rom_sacm8x2_f0.xsff.sae)
INFO  [VMC, ROM_probes-000]: (prchyb_top_far_index=xtop.x_top_lay.x_top.x_mux_row_bk8.x_mux_rt.x_mux_lt_seg1.x_mm15a03_u_rom_cmux8x2_f0.xmx00.x0[7].prchyb)
INFO  [VMC, ROM_probes-000]: (prchyb_top_near_index=xtop.x_top_lay.x_top.x_mux_row_bk8.x_mux_rt.x_mux_lt_seg1.x_mm15a03_u_rom_cmux8x2_s0.xmx00.x0[7].prchyb)
INFO  [VMC, ROM_probes-000]: (prchyb_bot_far_index=xtop.x_top_lay.x_top.x_mux_row_bk1_s0.x_mux_rt.x_mux_lt_seg1.x_mm15a03_u_rom_cmux8x2_f0.xmx00.x0[0].prchyb)
INFO  [VMC, ROM_probes-000]: (prchyb_bot_near_index=xtop.x_top_lay.x_top.x_mux_row_bk1_s0.x_mux_rt.x_mux_lt_seg1.x_mm15a03_u_rom_cmux8x2_s0.xmx00.x0[0].prchyb)
INFO  [VMC, ROM_probes-000]: (xbbotnear_name_index=xtop.x_top_lay.x_top.x_sac_row_12.x_sac_rt.x_sac_lt_seg1.x_mm15a03_u_rom_sacm8x2_s0.xsff.xi51.xb)
INFO  [VMC, ROM_probes-000]: (xtbotnear_name_index=xtop.x_top_lay.x_top.x_sac_row_12.x_sac_rt.x_sac_lt_seg1.x_mm15a03_u_rom_sacm8x2_s0.xsff.xi51.xt)
INFO  [VMC, ROM_probes-000]: (xbbotnearp_name_index=xtop.x_top_lay.x_top.x_sac_row_12.x_sac_rt.x_sac_lt_seg1.x_mm15a03_u_rom_sacm8x2_s0.xsff.xi52.xb)
INFO  [VMC, ROM_probes-000]: (xtbotnearp_name_index=xtop.x_top_lay.x_top.x_sac_row_12.x_sac_rt.x_sac_lt_seg1.x_mm15a03_u_rom_sacm8x2_s0.xsff.xi52.xt)
INFO  [VMC, ROM_probes-000]: (xbtopfarm_name_index=xtop.x_top_lay.x_top.x_sac_row_top.x_sac_row.x_sac_rt.x_sac_lt_seg1.x_mm15a03_u_rom_sacm8x2_f0.xsff.xi51.xb)
INFO  [VMC, ROM_probes-000]: (xttopfarm_name_index=xtop.x_top_lay.x_top.x_sac_row_top.x_sac_row.x_sac_rt.x_sac_lt_seg1.x_mm15a03_u_rom_sacm8x2_f0.xsff.xi51.xt)
INFO  [VMC, ROM_probes-000]: (xbtopfar_name_index=xtop.x_top_lay.x_top.x_sac_row_top.x_sac_row.x_sac_rt.x_sac_lt_seg1.x_mm15a03_u_rom_sacm8x2_f0.xsff.xi52.xb)
INFO  [VMC, ROM_probes-000]: (xttopfar_name_index=xtop.x_top_lay.x_top.x_sac_row_top.x_sac_row.x_sac_rt.x_sac_lt_seg1.x_mm15a03_u_rom_sacm8x2_f0.xsff.xi52.xt)
INFO  [VMC, VMC-234]: Delay calculation ...
INFO  [VMC, CHAR-020]: Loading project ...
INFO  [VMC, CFG-216]: Reading file '/usr/local/synopsys/embedit/S-2021.09-SP1/data/cadet.prm' ...
INFO  [VMC, CFG-216]: Reading file '/usr/local/synopsys/embedit/S-2021.09-SP1/data/ROM.prm' ...
INFO  [VMC, CFG-216]: Reading file '/usr/local/designkits/GF/22nm/synopsys/gf22nsd41p10s1dvl01msa03/gf22nsd41p10s1dvl01msa.prm' ...
INFO  [VMC, CFG-018]: Reading file '/usr/local/designkits/GF/22nm/synopsys/gf22nsd41p10s1dvl01msa03/gf22nsd41p10s1dvl01msa03.glb' ...
INFO  [VMC, CFG-018]: Reading file '/usr/local/designkits/GF/22nm/synopsys/gf22nsd41p10s1dvl01msa03/gf22nsd41p10s1dvl01msa03_custom.glb' ...
INFO  [VMC, CHAR-060]: Project loaded from /usr/local/designkits/GF/22nm/synopsys/gf22nsd41p10s1dvl01msa03/gf22nsd41p10s1dvl01msa.cpj
INFO  [VMC, CHAR-131]: Loading project took 3.96 secs.
/usr/local/designkits/GF/22nm/synopsys/gf22nsd41p10s1dvl01msa03/char/arch_char
/usr/local/designkits/GF/22nm/synopsys/gf22nsd41p10s1dvl01msa03/char
INFO  [VMC, CHAR-105]: Running instance evaluation...
INFO  [VMC, CHAR-109]: Validating the project...
INFO  [VMC, CHAR-109]: (11-05-2022 15:06:04)  Corners validation done
INFO  [VMC, CHAR-131]: Validating netlist files took 0.00 secs.
INFO  [VMC, CHAR-113]: The project is valid
INFO  [VMC, CHAR-131]: Validating project took 0.56 secs.
INFO  [VMC, CHAR-140]: Initializing tables...
INFO  [VMC, CHAR-180]: Initialized all tables
INFO  [VMC, CHAR-200]: Determining what results are needed...
Determining peak type for spwl_ls_total
Determining peak type for spwl_read_total
Determining peak type for spwl_ls_total
Determining peak type for spwl_read_total
Determining peak type for spwl_ls_total
Determining peak type for spwl_read_total
INFO  [VMC, CHAR-240]: Determined that 39297 results are needed so far
INFO  [VMC, CHAR-240]: Regular results:    783 needed,   783 final, 0 failed
INFO  [VMC, CHAR-240]: Equation results: 38514 needed, 38514 final, 0 failed
INFO  [VMC, CHAR-131]: Determining results took 27.51 secs.
Aged uear list is 0.0
printing symbol ccsn_miller_cap_r_ADR0_1 and value 0.07736760051567061 7.736760051567062e-5
printing symbol ccsn_miller_cap_f_ADR0_1 and value 0.10115259844703163 0.00010115259844703163
printing symbol ccsn_miller_cap_r_ME_1 and value 0.036892495412734934 3.6892495412734936e-5
printing symbol ccsn_miller_cap_f_ME_1 and value 0.05856409334256239 5.8564093342562396e-5
printing symbol ccsn_miller_cap_r_CLK_1 and value 0.2217189634341501 0.0002217189634341501
printing symbol ccsn_miller_cap_f_CLK_1 and value 0.22466148672833502 0.00022466148672833504
printing symbol ccsn_miller_cap_r_CLK_2 and value 0.23467597890038305 0.00023467597890038306
printing symbol ccsn_miller_cap_f_CLK_2 and value 0.22861567992181997 0.00022861567992181998
printing symbol ccsn_miller_cap_r_CLK_3 and value 0.7754353742783178 0.0007754353742783177
printing symbol ccsn_miller_cap_f_CLK_3 and value 0.7259441096556961 0.0007259441096556962
printing symbol ccsn_miller_cap_r_LS_1 and value 0.5695386028302897 0.0005695386028302897
printing symbol ccsn_miller_cap_f_LS_1 and value 0.8739933297949938 0.0008739933297949938
printing symbol ccsn_miller_cap_r_LS_2 and value 0.20211647657847495 0.00020211647657847497
printing symbol ccsn_miller_cap_f_LS_2 and value 0.1945291424173072 0.0001945291424173072
printing symbol ccsn_miller_cap_r_LS_3 and value 0.2662045323195532 0.0002662045323195532
printing symbol ccsn_miller_cap_f_LS_3 and value 0.25284859199717596 0.00025284859199717596
printing symbol ccsn_miller_cap_r_TEST1_1 and value 0.1507643739794646 0.0001507643739794646
printing symbol ccsn_miller_cap_f_TEST1_1 and value 0.15409556843015357 0.00015409556843015357
printing symbol ccsn_miller_cap_r_RM0_1 and value 0.07768392645797996 7.768392645797996e-5
printing symbol ccsn_miller_cap_f_RM0_1 and value 0.09655896149039572 9.655896149039573e-5
printing symbol ccsn_miller_cap_r_RME_1 and value 0.532122598181263 0.000532122598181263
printing symbol ccsn_miller_cap_f_RME_1 and value 0.5257039352599122 0.0005257039352599122
printing symbol ccsn_miller_cap_r_Q0_1 and value 0.6716027831166442 0.0006716027831166442
printing symbol ccsn_miller_cap_f_Q0_1 and value 0.708938679772394 0.000708938679772394
printing symbol ccsn_miller_cap_r_ADR0_2 and value 0.07736760051567061 7.736760051567062e-5
printing symbol ccsn_miller_cap_f_ADR0_2 and value 0.10115259844703163 0.00010115259844703163
printing symbol ccsn_miller_cap_r_ME_2 and value 0.03689244488952548 3.689244488952548e-5
printing symbol ccsn_miller_cap_f_ME_2 and value 0.05856290935166509 5.856290935166509e-5
printing symbol ccsn_miller_cap_r_CLK_4 and value 0.22172164601975267 0.00022172164601975267
printing symbol ccsn_miller_cap_f_CLK_4 and value 0.2246617443820016 0.0002246617443820016
printing symbol ccsn_miller_cap_r_CLK_5 and value 0.23467591869902638 0.00023467591869902638
printing symbol ccsn_miller_cap_f_CLK_5 and value 0.2286153634653666 0.0002286153634653666
printing symbol ccsn_miller_cap_r_CLK_6 and value 0.7754442612336322 0.0007754442612336322
printing symbol ccsn_miller_cap_f_CLK_6 and value 0.7259505967649308 0.0007259505967649308
printing symbol ccsn_miller_cap_r_LS_4 and value 0.5695379905388126 0.0005695379905388126
printing symbol ccsn_miller_cap_f_LS_4 and value 0.8739869953605816 0.0008739869953605816
printing symbol ccsn_miller_cap_r_LS_5 and value 0.2021160949417768 0.00020211609494177679
printing symbol ccsn_miller_cap_f_LS_5 and value 0.19452892171737862 0.00019452892171737863
printing symbol ccsn_miller_cap_r_LS_6 and value 0.2662051480555836 0.0002662051480555836
printing symbol ccsn_miller_cap_f_LS_6 and value 0.2528499912018553 0.0002528499912018553
printing symbol ccsn_miller_cap_r_SD_1 and value 0.4348847294168627 0.0004348847294168627
printing symbol ccsn_miller_cap_f_SD_1 and value 0.5107184062632657 0.0005107184062632657
printing symbol ccsn_miller_cap_r_SD_2 and value 0.18005097020525143 0.00018005097020525144
printing symbol ccsn_miller_cap_f_SD_2 and value 0.31068961122877303 0.00031068961122877306
printing symbol ccsn_miller_cap_r_TEST1_2 and value 0.1507643079922625 0.0001507643079922625
printing symbol ccsn_miller_cap_f_TEST1_2 and value 0.15409508516965653 0.00015409508516965655
printing symbol ccsn_miller_cap_r_RM0_2 and value 0.07768392645797996 7.768392645797996e-5
printing symbol ccsn_miller_cap_f_RM0_2 and value 0.09655896149039572 9.655896149039573e-5
printing symbol ccsn_miller_cap_r_RME_2 and value 0.532122598181263 0.000532122598181263
printing symbol ccsn_miller_cap_f_RME_2 and value 0.5257039352599122 0.0005257039352599122
printing symbol ccsn_miller_cap_r_Q0_2 and value 0.6716027831166442 0.0006716027831166442
printing symbol ccsn_miller_cap_f_Q0_2 and value 0.708938679772394 0.000708938679772394
printing symbol ccsn_miller_cap_r_ROP_1 and value 1.4733622554520747 0.0014733622554520746
printing symbol ccsn_miller_cap_f_ROP_1 and value 1.3486259848084141 0.001348625984808414
Aged uear list is 0.0
printing symbol ccsn_miller_cap_f_ADR0_1 and value 0.09994119842473623 9.994119842473623e-5
printing symbol ccsn_miller_cap_f_ME_1 and value 0.060045390339444484 6.004539033944448e-5
printing symbol ccsn_miller_cap_r_CLK_1 and value 0.11593221852626362 0.00011593221852626363
printing symbol ccsn_miller_cap_f_CLK_1 and value 0.22282971078339606 0.00022282971078339605
printing symbol ccsn_miller_cap_r_CLK_2 and value 0.12544782144786054 0.00012544782144786055
printing symbol ccsn_miller_cap_f_CLK_2 and value 0.22578790865786405 0.00022578790865786406
printing symbol ccsn_miller_cap_r_CLK_3 and value 0.6494525887355201 0.0006494525887355202
printing symbol ccsn_miller_cap_f_CLK_3 and value 0.721502854960749 0.000721502854960749
printing symbol ccsn_miller_cap_r_LS_1 and value 0.4534166637432447 0.0004534166637432447
printing symbol ccsn_miller_cap_f_LS_1 and value 0.8481724757362212 0.0008481724757362213
printing symbol ccsn_miller_cap_r_LS_2 and value 0.0945808622065754 9.45808622065754e-5
printing symbol ccsn_miller_cap_f_LS_2 and value 0.19187798832172756 0.00019187798832172756
printing symbol ccsn_miller_cap_r_LS_3 and value 0.15530356760137437 0.00015530356760137438
printing symbol ccsn_miller_cap_f_LS_3 and value 0.25250386081598425 0.00025250386081598425
printing symbol ccsn_miller_cap_r_TEST1_1 and value 0.04477268387231142 4.477268387231142e-5
printing symbol ccsn_miller_cap_f_TEST1_1 and value 0.1520526734113519 0.0001520526734113519
printing symbol ccsn_miller_cap_f_RM0_1 and value 0.10197729484145955 0.00010197729484145956
printing symbol ccsn_miller_cap_r_RME_1 and value 0.4241508876357256 0.00042415088763572565
printing symbol ccsn_miller_cap_f_RME_1 and value 0.5248673964085565 0.0005248673964085565
printing symbol ccsn_miller_cap_r_Q0_1 and value 0.6536476701174293 0.0006536476701174294
printing symbol ccsn_miller_cap_f_Q0_1 and value 0.6950356774052124 0.0006950356774052124
printing symbol ccsn_miller_cap_f_ADR0_2 and value 0.09994119842473623 9.994119842473623e-5
printing symbol ccsn_miller_cap_f_ME_2 and value 0.06005169813958235 6.005169813958236e-5
printing symbol ccsn_miller_cap_r_CLK_4 and value 0.11595020914372928 0.00011595020914372928
printing symbol ccsn_miller_cap_f_CLK_4 and value 0.2228342359077384 0.0002228342359077384
printing symbol ccsn_miller_cap_r_CLK_5 and value 0.12544798075594316 0.00012544798075594317
printing symbol ccsn_miller_cap_f_CLK_5 and value 0.22578691807927911 0.0002257869180792791
printing symbol ccsn_miller_cap_r_CLK_6 and value 0.6494495290989368 0.0006494495290989368
printing symbol ccsn_miller_cap_f_CLK_6 and value 0.721506183116038 0.000721506183116038
printing symbol ccsn_miller_cap_r_LS_4 and value 0.4534168287657928 0.0004534168287657928
printing symbol ccsn_miller_cap_f_LS_4 and value 0.8481599772753489 0.0008481599772753489
printing symbol ccsn_miller_cap_r_LS_5 and value 0.09458070779748161 9.458070779748161e-5
printing symbol ccsn_miller_cap_f_LS_5 and value 0.19187857449992765 0.00019187857449992765
printing symbol ccsn_miller_cap_r_LS_6 and value 0.15530273505492467 0.00015530273505492468
printing symbol ccsn_miller_cap_f_LS_6 and value 0.2525058757544814 0.0002525058757544814
printing symbol ccsn_miller_cap_r_SD_1 and value 0.31342791238753287 0.0003134279123875329
printing symbol ccsn_miller_cap_f_SD_1 and value 0.4950876924482784 0.0004950876924482784
printing symbol ccsn_miller_cap_r_SD_2 and value 0.0672656552535439 6.72656552535439e-5
printing symbol ccsn_miller_cap_f_SD_2 and value 0.2998273737103639 0.0002998273737103639
printing symbol ccsn_miller_cap_r_TEST1_2 and value 0.044772679073954255 4.477267907395426e-5
printing symbol ccsn_miller_cap_f_TEST1_2 and value 0.1520506265227007 0.00015205062652270073
printing symbol ccsn_miller_cap_f_RM0_2 and value 0.10197729484145955 0.00010197729484145956
printing symbol ccsn_miller_cap_r_RME_2 and value 0.4241508876357256 0.00042415088763572565
printing symbol ccsn_miller_cap_f_RME_2 and value 0.5248673964085565 0.0005248673964085565
printing symbol ccsn_miller_cap_r_Q0_2 and value 0.6536476701174293 0.0006536476701174294
printing symbol ccsn_miller_cap_f_Q0_2 and value 0.6950356774052124 0.0006950356774052124
printing symbol ccsn_miller_cap_r_ROP_1 and value 1.425763077162211 0.001425763077162211
printing symbol ccsn_miller_cap_f_ROP_1 and value 1.337171411737491 0.0013371714117374912
 found value for ccsn_miller_cap_r_ADR0_1 as ccsn_miller_cap_f_ADR0_1 and value as 9.994119842473623e-5
 found value for ccsn_miller_cap_r_ADR0_1 as ccsn_miller_cap_f_ADR0_2 and value as 9.994119842473623e-5
 found value for ccsn_miller_cap_r_ME_1 as ccsn_miller_cap_f_RME_1 and value as 0.0005248673964085565
 found value for ccsn_miller_cap_r_ME_1 as ccsn_miller_cap_f_RME_2 and value as 0.0005248673964085565
 found value for ccsn_miller_cap_r_ME_1 as ccsn_miller_cap_r_RME_1 and value as 0.00042415088763572565
 found value for ccsn_miller_cap_r_ME_1 as ccsn_miller_cap_r_RME_2 and value as 0.00042415088763572565
 found value for ccsn_miller_cap_r_ME_1 as ccsn_miller_cap_f_ME_1 and value as 6.004539033944448e-5
 found value for ccsn_miller_cap_r_ME_1 as ccsn_miller_cap_f_ME_2 and value as 6.005169813958236e-5
 found value for ccsn_miller_cap_r_RM0_1 as ccsn_miller_cap_f_RM0_1 and value as 0.00010197729484145956
 found value for ccsn_miller_cap_r_RM0_1 as ccsn_miller_cap_f_RM0_2 and value as 0.00010197729484145956
 found value for ccsn_miller_cap_r_ADR0_2 as ccsn_miller_cap_f_ADR0_1 and value as 9.994119842473623e-5
 found value for ccsn_miller_cap_r_ADR0_2 as ccsn_miller_cap_f_ADR0_2 and value as 9.994119842473623e-5
 found value for ccsn_miller_cap_r_ME_2 as ccsn_miller_cap_f_RME_1 and value as 0.0005248673964085565
 found value for ccsn_miller_cap_r_ME_2 as ccsn_miller_cap_f_RME_2 and value as 0.0005248673964085565
 found value for ccsn_miller_cap_r_ME_2 as ccsn_miller_cap_r_RME_1 and value as 0.00042415088763572565
 found value for ccsn_miller_cap_r_ME_2 as ccsn_miller_cap_r_RME_2 and value as 0.00042415088763572565
 found value for ccsn_miller_cap_r_ME_2 as ccsn_miller_cap_f_ME_1 and value as 6.004539033944448e-5
 found value for ccsn_miller_cap_r_ME_2 as ccsn_miller_cap_f_ME_2 and value as 6.005169813958236e-5
 found value for ccsn_miller_cap_r_RM0_2 as ccsn_miller_cap_f_RM0_1 and value as 0.00010197729484145956
 found value for ccsn_miller_cap_r_RM0_2 as ccsn_miller_cap_f_RM0_2 and value as 0.00010197729484145956
Aged uear list is 0.0
printing symbol ccsn_miller_cap_r_ADR0_1 and value 0.08146868750991573 8.146868750991574e-5
printing symbol ccsn_miller_cap_f_ADR0_1 and value 0.08296438197994946 8.296438197994946e-5
printing symbol ccsn_miller_cap_r_ME_1 and value 0.04662105748895162 4.662105748895162e-5
printing symbol ccsn_miller_cap_f_ME_1 and value 0.04581498683840804 4.581498683840804e-5
printing symbol ccsn_miller_cap_r_CLK_1 and value 0.2329736771074613 0.0002329736771074613
printing symbol ccsn_miller_cap_f_CLK_1 and value 0.2230326641623708 0.0002230326641623708
printing symbol ccsn_miller_cap_r_CLK_2 and value 0.2432612108088933 0.0002432612108088933
printing symbol ccsn_miller_cap_f_CLK_2 and value 0.22534663911443245 0.00022534663911443246
printing symbol ccsn_miller_cap_r_CLK_3 and value 0.7751380938461063 0.0007751380938461063
printing symbol ccsn_miller_cap_f_CLK_3 and value 0.7162533369281309 0.0007162533369281309
printing symbol ccsn_miller_cap_r_LS_1 and value 0.5751911455769743 0.0005751911455769743
printing symbol ccsn_miller_cap_f_LS_1 and value 0.855306521127503 0.000855306521127503
printing symbol ccsn_miller_cap_r_LS_2 and value 0.2103940133159867 0.0002103940133159867
printing symbol ccsn_miller_cap_f_LS_2 and value 0.19182415861135613 0.00019182415861135614
printing symbol ccsn_miller_cap_r_LS_3 and value 0.2749211186704672 0.0002749211186704672
printing symbol ccsn_miller_cap_f_LS_3 and value 0.24957233675549823 0.0002495723367554982
printing symbol ccsn_miller_cap_r_TEST1_1 and value 0.1612300567826578 0.0001612300567826578
printing symbol ccsn_miller_cap_f_TEST1_1 and value 0.1521292763939675 0.0001521292763939675
printing symbol ccsn_miller_cap_r_RM0_1 and value 0.08528852954283142 8.528852954283142e-5
printing symbol ccsn_miller_cap_f_RM0_1 and value 0.08268887939528054 8.268887939528055e-5
printing symbol ccsn_miller_cap_r_RME_1 and value 0.5414923679484318 0.0005414923679484318
printing symbol ccsn_miller_cap_f_RME_1 and value 0.5231600680021712 0.0005231600680021712
printing symbol ccsn_miller_cap_r_Q0_1 and value 0.6618955352146884 0.0006618955352146883
printing symbol ccsn_miller_cap_f_Q0_1 and value 0.6983955384748752 0.0006983955384748752
printing symbol ccsn_miller_cap_r_ADR0_2 and value 0.08146868750991573 8.146868750991574e-5
printing symbol ccsn_miller_cap_f_ADR0_2 and value 0.08296438197994946 8.296438197994946e-5
printing symbol ccsn_miller_cap_r_ME_2 and value 0.04662110259037558 4.662110259037558e-5
printing symbol ccsn_miller_cap_f_ME_2 and value 0.0458149690562919 4.58149690562919e-5
printing symbol ccsn_miller_cap_r_CLK_4 and value 0.23296846001698032 0.00023296846001698033
printing symbol ccsn_miller_cap_f_CLK_4 and value 0.2230311600405565 0.00022303116004055652
printing symbol ccsn_miller_cap_r_CLK_5 and value 0.24326107403384092 0.00024326107403384092
printing symbol ccsn_miller_cap_f_CLK_5 and value 0.22534647294556814 0.00022534647294556815
printing symbol ccsn_miller_cap_r_CLK_6 and value 0.7751464050374819 0.000775146405037482
printing symbol ccsn_miller_cap_f_CLK_6 and value 0.7162640608765178 0.0007162640608765179
printing symbol ccsn_miller_cap_r_LS_4 and value 0.5751914589808798 0.0005751914589808797
printing symbol ccsn_miller_cap_f_LS_4 and value 0.8553007740051297 0.0008553007740051298
printing symbol ccsn_miller_cap_r_LS_5 and value 0.21039409793071903 0.00021039409793071904
printing symbol ccsn_miller_cap_f_LS_5 and value 0.19182405988172122 0.00019182405988172122
printing symbol ccsn_miller_cap_r_LS_6 and value 0.27492259480888326 0.0002749225948088833
printing symbol ccsn_miller_cap_f_LS_6 and value 0.24957393258777474 0.00024957393258777475
printing symbol ccsn_miller_cap_r_SD_1 and value 0.4351139759076354 0.0004351139759076354
printing symbol ccsn_miller_cap_f_SD_1 and value 0.4872962268107135 0.0004872962268107135
printing symbol ccsn_miller_cap_r_SD_2 and value 0.17829113763965676 0.00017829113763965677
printing symbol ccsn_miller_cap_f_SD_2 and value 0.2820492992588807 0.00028204929925888073
printing symbol ccsn_miller_cap_r_TEST1_2 and value 0.1612296915191078 0.0001612296915191078
printing symbol ccsn_miller_cap_f_TEST1_2 and value 0.1521290897650986 0.0001521290897650986
printing symbol ccsn_miller_cap_r_RM0_2 and value 0.08528852954283142 8.528852954283142e-5
printing symbol ccsn_miller_cap_f_RM0_2 and value 0.08268887939528054 8.268887939528055e-5
printing symbol ccsn_miller_cap_r_RME_2 and value 0.5414923679484318 0.0005414923679484318
printing symbol ccsn_miller_cap_f_RME_2 and value 0.5231600680021712 0.0005231600680021712
printing symbol ccsn_miller_cap_r_Q0_2 and value 0.6618955352146884 0.0006618955352146883
printing symbol ccsn_miller_cap_f_Q0_2 and value 0.6983955384748752 0.0006983955384748752
printing symbol ccsn_miller_cap_r_ROP_1 and value 1.4465578094740106 0.0014465578094740106
printing symbol ccsn_miller_cap_f_ROP_1 and value 1.328356163617841 0.001328356163617841
INFO  [VMC, CHAR-460]: Writing of output files completed
INFO  [VMC, CHAR-434]: Instance evaluation completed
INFO  [VMC, VMC-053]: Reading delay files ...
INFO  [VMC, VMC-054]: Calculating delays for 'tt0p8v25c_0p8v_0v_0v' conditions
INFO  [VMC, VMC-054]: Calculating delays for 'ssg_fcmax0p72v125c_0p72v_0v_0v' conditions
INFO  [VMC, VMC-054]: Calculating delays for 'ssg_fcmax0p72vn40c_0p72v_0v_0v' conditions
INFO  [VMC, VMC-131]: Reading delay files took 0.54 secs.
INFO  [VMC, VMC-131]: Delay calculation took 43.13 secs.
INFO  [VMC, VMC-235]: CAF flow ...
INFO  [VMC, VMC-236]: CAF initialization ...
INFO  [VMC, VMC-131]: CAF initialization took 0.46 secs.
INFO  [VMC, VMC-237]: CAF loading ...
INFO  [VMC, VMC-131]: CAF loading took 0.16 secs.
INFO  [VMC, VMC-238]: CAF top assembly creation ...
INFO  [VMC, VMC-131]: CAF top assembly creation took 0.56 secs.
INFO  [VMC, VMC-239]: CAF execution ...
INFO  [VMC, CAF-1175]: cadet.tiler: INFO+9: Running the caf.tile flow on <Top(name='SNPS_ROM_4Kx80_mprom00')> ...
INFO  [VMC, CAF-1237]: cadet.tiler: INFO+9: The caf.tile flow completed: 0 Cells have errors, 0 Cells have warnings.
INFO  [VMC, CAF-1238]: cadet.tiler: INFO+9: Running the caf.tile flow on <Top(name='SNPS_ROM_4Kx80_mprom00')> took 6.13 secs.
INFO  [VMC, VMC-131]: CAF execution took 6.63 secs.
INFO  [VMC, VMC-240]: Pin map generation ...
INFO  [VMC, VMC-131]: Pin map generation took 0.00 secs.
INFO  [VMC, VMC-246]: ROM content generation ...
INFO  [VMC, VMC-131]: ROM content generation took 0.04 secs.
INFO  [VMC, VMC-131]: CAF flow took 7.85 secs.
INFO  [VMC, VMC-193]: Expanding templates ...
INFO  [VMC, EXP-001]: Expanding 'Combined Datasheet for all PVT corners' template '/usr/local/designkits/GF/22nm/synopsys/gf22nsd41p10s1dvl01msa03/mc_allpvt.tpl' to '/home/jeme/project/Imsys_copy/memory/Imsys_2/compout/views/SNPS_ROM_4Kx80_mprom00/SNPS_ROM_4Kx80_mprom00_allpvt.ds'
INFO  [VMC, EXP-001]: Expanding 'Datasheet for HTML' template '/usr/local/designkits/GF/22nm/synopsys/gf22nsd41p10s1dvl01msa03/mc_allpvthtml.tpl' to '/home/jeme/project/Imsys_copy/memory/Imsys_2/compout/views/SNPS_ROM_4Kx80_mprom00/SNPS_ROM_4Kx80_mprom00_allpvt.html'
INFO  [VMC, EXP-001]: Expanding 'Summary' template '/usr/local/designkits/GF/22nm/synopsys/gf22nsd41p10s1dvl01msa03/mc_dssum.tpl' to '/home/jeme/project/Imsys_copy/memory/Imsys_2/compout/views/SNPS_ROM_4Kx80_mprom00/tt0p8v25c_0p8v_0v_0v/SNPS_ROM_4Kx80_mprom00.summ'
INFO  [VMC, EXP-001]: Expanding 'Summary' template '/usr/local/designkits/GF/22nm/synopsys/gf22nsd41p10s1dvl01msa03/mc_dssum.tpl' to '/home/jeme/project/Imsys_copy/memory/Imsys_2/compout/views/SNPS_ROM_4Kx80_mprom00/ssg_fcmax0p72v125c_0p72v_0v_0v/SNPS_ROM_4Kx80_mprom00.summ'
INFO  [VMC, EXP-001]: Expanding 'Summary' template '/usr/local/designkits/GF/22nm/synopsys/gf22nsd41p10s1dvl01msa03/mc_dssum.tpl' to '/home/jeme/project/Imsys_copy/memory/Imsys_2/compout/views/SNPS_ROM_4Kx80_mprom00/ssg_fcmax0p72vn40c_0p72v_0v_0v/SNPS_ROM_4Kx80_mprom00.summ'
INFO  [VMC, EXP-001]: Expanding 'Verilog Behavioral/RTL Model' template '/usr/local/designkits/GF/22nm/synopsys/gf22nsd41p10s1dvl01msa03/mc_verilog.tpl' to '/home/jeme/project/Imsys_copy/memory/Imsys_2/compout/views/SNPS_ROM_4Kx80_mprom00/tt0p8v25c_0p8v_0v_0v/SNPS_ROM_4Kx80_mprom00.v'
INFO  [VMC, EXP-001]: Expanding 'Verilog Behavioral/RTL Model' template '/usr/local/designkits/GF/22nm/synopsys/gf22nsd41p10s1dvl01msa03/mc_verilog.tpl' to '/home/jeme/project/Imsys_copy/memory/Imsys_2/compout/views/SNPS_ROM_4Kx80_mprom00/ssg_fcmax0p72v125c_0p72v_0v_0v/SNPS_ROM_4Kx80_mprom00.v'
INFO  [VMC, EXP-001]: Expanding 'Verilog Behavioral/RTL Model' template '/usr/local/designkits/GF/22nm/synopsys/gf22nsd41p10s1dvl01msa03/mc_verilog.tpl' to '/home/jeme/project/Imsys_copy/memory/Imsys_2/compout/views/SNPS_ROM_4Kx80_mprom00/ssg_fcmax0p72vn40c_0p72v_0v_0v/SNPS_ROM_4Kx80_mprom00.v'
INFO  [VMC, EXP-001]: Expanding 'VHDL RTL Model' template '/usr/local/designkits/GF/22nm/synopsys/gf22nsd41p10s1dvl01msa03/mc_vhd_rtl.tpl' to '/home/jeme/project/Imsys_copy/memory/Imsys_2/compout/views/SNPS_ROM_4Kx80_mprom00/tt0p8v25c_0p8v_0v_0v/SNPS_ROM_4Kx80_mprom00_rtl.vhd'
INFO  [VMC, EXP-001]: Expanding 'VHDL RTL Model' template '/usr/local/designkits/GF/22nm/synopsys/gf22nsd41p10s1dvl01msa03/mc_vhd_rtl.tpl' to '/home/jeme/project/Imsys_copy/memory/Imsys_2/compout/views/SNPS_ROM_4Kx80_mprom00/ssg_fcmax0p72v125c_0p72v_0v_0v/SNPS_ROM_4Kx80_mprom00_rtl.vhd'
INFO  [VMC, EXP-001]: Expanding 'VHDL RTL Model' template '/usr/local/designkits/GF/22nm/synopsys/gf22nsd41p10s1dvl01msa03/mc_vhd_rtl.tpl' to '/home/jeme/project/Imsys_copy/memory/Imsys_2/compout/views/SNPS_ROM_4Kx80_mprom00/ssg_fcmax0p72vn40c_0p72v_0v_0v/SNPS_ROM_4Kx80_mprom00_rtl.vhd'
INFO  [VMC, EXP-001]: Expanding 'Verilog Behavioral Model and Vital Behavioral Model Testbench' template '/usr/local/designkits/GF/22nm/synopsys/gf22nsd41p10s1dvl01msa03/mc_verilog_vhd_stim.tpl' to '/home/jeme/project/Imsys_copy/memory/Imsys_2/compout/views/SNPS_ROM_4Kx80_mprom00/tt0p8v25c_0p8v_0v_0v/SNPS_ROM_4Kx80_mprom00_verilog_vhd_stim.v'
INFO  [VMC, EXP-001]: Expanding 'Verilog Behavioral Model and Vital Behavioral Model Testbench' template '/usr/local/designkits/GF/22nm/synopsys/gf22nsd41p10s1dvl01msa03/mc_verilog_vhd_stim.tpl' to '/home/jeme/project/Imsys_copy/memory/Imsys_2/compout/views/SNPS_ROM_4Kx80_mprom00/ssg_fcmax0p72v125c_0p72v_0v_0v/SNPS_ROM_4Kx80_mprom00_verilog_vhd_stim.v'
INFO  [VMC, EXP-001]: Expanding 'Verilog Behavioral Model and Vital Behavioral Model Testbench' template '/usr/local/designkits/GF/22nm/synopsys/gf22nsd41p10s1dvl01msa03/mc_verilog_vhd_stim.tpl' to '/home/jeme/project/Imsys_copy/memory/Imsys_2/compout/views/SNPS_ROM_4Kx80_mprom00/ssg_fcmax0p72vn40c_0p72v_0v_0v/SNPS_ROM_4Kx80_mprom00_verilog_vhd_stim.v'
INFO  [VMC, EXP-001]: Expanding 'Fast functional Verilog Model ' template '/usr/local/designkits/GF/22nm/synopsys/gf22nsd41p10s1dvl01msa03/mc_fast_func_verilog.tpl' to '/home/jeme/project/Imsys_copy/memory/Imsys_2/compout/views/SNPS_ROM_4Kx80_mprom00/SNPS_ROM_4Kx80_mprom00_fast_func.v'
INFO  [VMC, VMC-131]: Expanding templates took 3.38 secs.
INFO  [VMC, VMC-131]: Complete component generation took 56.60 secs.
INFO  [VMC, VMC-093]: Peak memory used: 1510.02 M
INFO  [VMC, VMC-046]: Errors: 0, Warnings: 0
